@!@!@STARTMSG 2262:0 @!@!@
TLC2 Version 2.16 of 31 December 2020 (rev: cdddf55)
@!@!@ENDMSG 2262 @!@!@
@!@!@STARTMSG 2187:0 @!@!@
Running breadth-first search Model-Checking with fp 92 and seed -2966333550302056418 with 8 workers on 16 cores with 4857MB heap and 10921MB offheap memory [pid: 15747] (Mac OS X 10.15.7 x86_64, AdoptOpenJDK 14.0.1 x86_64, OffHeapDiskFPSet, DiskStateQueue).
@!@!@ENDMSG 2187 @!@!@
@!@!@STARTMSG 2220:0 @!@!@
Starting SANY...
@!@!@ENDMSG 2220 @!@!@
Parsing file /Users/eugenegoldyrev/.tlaplus/Counters/simpleCounter.toolbox/Model_1_simpleCounter/MC.tla
Parsing file /Users/eugenegoldyrev/.tlaplus/Counters/simpleCounter.toolbox/Model_1_simpleCounter/simpleCounter.tla
Parsing file /private/var/folders/zg/w6695s5n28lfzfdcc32pmvqh0000gn/T/AppTranslocation/6DAF8C7C-3CED-401D-9A34-4ED045E498CF/d/TLA+ Toolbox.app/Contents/Eclipse/plugins/org.lamport.tlatools_1.0.0.202012311918/tla2sany/StandardModules/TLC.tla
Parsing file /private/var/folders/zg/w6695s5n28lfzfdcc32pmvqh0000gn/T/AppTranslocation/6DAF8C7C-3CED-401D-9A34-4ED045E498CF/d/TLA+ Toolbox.app/Contents/Eclipse/plugins/org.lamport.tlatools_1.0.0.202012311918/tla2sany/StandardModules/Naturals.tla
Parsing file /private/var/folders/zg/w6695s5n28lfzfdcc32pmvqh0000gn/T/AppTranslocation/6DAF8C7C-3CED-401D-9A34-4ED045E498CF/d/TLA+ Toolbox.app/Contents/Eclipse/plugins/org.lamport.tlatools_1.0.0.202012311918/tla2sany/StandardModules/Sequences.tla
Parsing file /private/var/folders/zg/w6695s5n28lfzfdcc32pmvqh0000gn/T/AppTranslocation/6DAF8C7C-3CED-401D-9A34-4ED045E498CF/d/TLA+ Toolbox.app/Contents/Eclipse/plugins/org.lamport.tlatools_1.0.0.202012311918/tla2sany/StandardModules/FiniteSets.tla
Semantic processing of module Naturals
Semantic processing of module simpleCounter
Semantic processing of module Sequences
Semantic processing of module FiniteSets
Semantic processing of module TLC
Semantic processing of module MC
@!@!@STARTMSG 2219:0 @!@!@
SANY finished.
@!@!@ENDMSG 2219 @!@!@
@!@!@STARTMSG 2185:0 @!@!@
Starting... (2021-01-08 04:06:00)
@!@!@ENDMSG 2185 @!@!@
@!@!@STARTMSG 2189:0 @!@!@
Computing initial states...
@!@!@ENDMSG 2189 @!@!@
@!@!@STARTMSG 2190:0 @!@!@
Finished computing initial states: 1 distinct state generated at 2021-01-08 04:06:01.
@!@!@ENDMSG 2190 @!@!@
@!@!@STARTMSG 2110:1 @!@!@
Invariant DeadlockCondition is violated.
@!@!@ENDMSG 2110 @!@!@
@!@!@STARTMSG 2121:1 @!@!@
The behavior up to this point is:
@!@!@ENDMSG 2121 @!@!@
@!@!@STARTMSG 2217:4 @!@!@
1: <Initial predicate>
/\ counter = 0
/\ pc = (0 :> "L1" @@ 1 :> "R1")

@!@!@ENDMSG 2217 @!@!@
@!@!@STARTMSG 2217:4 @!@!@
2: <R1 line 60, col 7 to line 62, col 26 of module simpleCounter>
/\ counter = 0
/\ pc = (0 :> "L1" @@ 1 :> "R2")

@!@!@ENDMSG 2217 @!@!@
@!@!@STARTMSG 2217:4 @!@!@
3: <L1 line 39, col 7 to line 41, col 26 of module simpleCounter>
/\ counter = 0
/\ pc = (0 :> "L2" @@ 1 :> "R2")

@!@!@ENDMSG 2217 @!@!@
@!@!@STARTMSG 2217:4 @!@!@
4: <L2 line 43, col 7 to line 45, col 38 of module simpleCounter>
/\ counter = 1
/\ pc = (0 :> "L3" @@ 1 :> "R2")

@!@!@ENDMSG 2217 @!@!@
@!@!@STARTMSG 2217:4 @!@!@
5: <L3 line 47, col 7 to line 51, col 26 of module simpleCounter>
/\ counter = 1
/\ pc = (0 :> "L1" @@ 1 :> "R2")

@!@!@ENDMSG 2217 @!@!@
@!@!@STARTMSG 2217:4 @!@!@
6: <L1 line 39, col 7 to line 41, col 26 of module simpleCounter>
/\ counter = 1
/\ pc = (0 :> "L2" @@ 1 :> "R2")

@!@!@ENDMSG 2217 @!@!@
@!@!@STARTMSG 2217:4 @!@!@
7: <R2 line 64, col 7 to line 66, col 38 of module simpleCounter>
/\ counter = 2
/\ pc = (0 :> "L2" @@ 1 :> "R3")

@!@!@ENDMSG 2217 @!@!@
@!@!@STARTMSG 2217:4 @!@!@
8: <L2 line 43, col 7 to line 45, col 38 of module simpleCounter>
/\ counter = 3
/\ pc = (0 :> "L3" @@ 1 :> "R3")

@!@!@ENDMSG 2217 @!@!@
@!@!@STARTMSG 2217:4 @!@!@
9: <L3 line 47, col 7 to line 51, col 26 of module simpleCounter>
/\ counter = 3
/\ pc = (0 :> "L1" @@ 1 :> "R3")

@!@!@ENDMSG 2217 @!@!@
@!@!@STARTMSG 2217:4 @!@!@
10: <L1 line 39, col 7 to line 41, col 26 of module simpleCounter>
/\ counter = 3
/\ pc = (0 :> "L2" @@ 1 :> "R3")

@!@!@ENDMSG 2217 @!@!@
@!@!@STARTMSG 2217:4 @!@!@
11: <R3 line 68, col 7 to line 72, col 26 of module simpleCounter>
/\ counter = 3
/\ pc = (0 :> "L2" @@ 1 :> "R4")

@!@!@ENDMSG 2217 @!@!@
@!@!@STARTMSG 2217:4 @!@!@
12: <L2 line 43, col 7 to line 45, col 38 of module simpleCounter>
/\ counter = 4
/\ pc = (0 :> "L3" @@ 1 :> "R4")

@!@!@ENDMSG 2217 @!@!@
@!@!@STARTMSG 2217:4 @!@!@
13: <L3 line 47, col 7 to line 51, col 26 of module simpleCounter>
/\ counter = 4
/\ pc = (0 :> "L1" @@ 1 :> "R4")

@!@!@ENDMSG 2217 @!@!@
@!@!@STARTMSG 2217:4 @!@!@
14: <L1 line 39, col 7 to line 41, col 26 of module simpleCounter>
/\ counter = 4
/\ pc = (0 :> "L2" @@ 1 :> "R4")

@!@!@ENDMSG 2217 @!@!@
@!@!@STARTMSG 2217:4 @!@!@
15: <L2 line 43, col 7 to line 45, col 38 of module simpleCounter>
/\ counter = 5
/\ pc = (0 :> "L3" @@ 1 :> "R4")

@!@!@ENDMSG 2217 @!@!@
@!@!@STARTMSG 2217:4 @!@!@
16: <L3 line 47, col 7 to line 51, col 26 of module simpleCounter>
/\ counter = 5
/\ pc = (0 :> "L4" @@ 1 :> "R4")

@!@!@ENDMSG 2217 @!@!@
@!@!@STARTMSG 2201:0 @!@!@
The coverage statistics at 2021-01-08 04:06:01
@!@!@ENDMSG 2201 @!@!@
@!@!@STARTMSG 2773:0 @!@!@
<Init line 34, col 1 to line 34, col 4 of module simpleCounter>: 2:2
@!@!@ENDMSG 2773 @!@!@
@!@!@STARTMSG 2221:0 @!@!@
  line 35, col 9 to line 37, col 60 of module simpleCounter: 2
@!@!@ENDMSG 2221 @!@!@
@!@!@STARTMSG 2772:0 @!@!@
<L1 line 39, col 1 to line 39, col 2 of module simpleCounter>: 70:80
@!@!@ENDMSG 2772 @!@!@
@!@!@STARTMSG 2221:0 @!@!@
  line 39, col 10 to line 39, col 21 of module simpleCounter: 354
@!@!@ENDMSG 2221 @!@!@
@!@!@STARTMSG 2221:0 @!@!@
  |line 39, col 10 to line 39, col 14 of module simpleCounter: 274
@!@!@ENDMSG 2221 @!@!@
@!@!@STARTMSG 2221:0 @!@!@
  line 40, col 10 to line 40, col 38 of module simpleCounter: 80
@!@!@ENDMSG 2221 @!@!@
@!@!@STARTMSG 2221:0 @!@!@
  line 41, col 10 to line 41, col 26 of module simpleCounter: 80
@!@!@ENDMSG 2221 @!@!@
@!@!@STARTMSG 2772:0 @!@!@
<L2 line 43, col 1 to line 43, col 2 of module simpleCounter>: 69:80
@!@!@ENDMSG 2772 @!@!@
@!@!@STARTMSG 2221:0 @!@!@
  line 43, col 10 to line 43, col 21 of module simpleCounter: 350
@!@!@ENDMSG 2221 @!@!@
@!@!@STARTMSG 2221:0 @!@!@
  |line 43, col 10 to line 43, col 14 of module simpleCounter: 270
@!@!@ENDMSG 2221 @!@!@
@!@!@STARTMSG 2221:0 @!@!@
  line 44, col 10 to line 44, col 31 of module simpleCounter: 80
@!@!@ENDMSG 2221 @!@!@
@!@!@STARTMSG 2221:0 @!@!@
  line 45, col 10 to line 45, col 38 of module simpleCounter: 80
@!@!@ENDMSG 2221 @!@!@
@!@!@STARTMSG 2772:0 @!@!@
<L3 line 47, col 1 to line 47, col 2 of module simpleCounter>: 69:78
@!@!@ENDMSG 2772 @!@!@
@!@!@STARTMSG 2221:0 @!@!@
  line 47, col 10 to line 47, col 21 of module simpleCounter: 343
@!@!@ENDMSG 2221 @!@!@
@!@!@STARTMSG 2221:0 @!@!@
  |line 47, col 10 to line 47, col 14 of module simpleCounter: 266
@!@!@ENDMSG 2221 @!@!@
@!@!@STARTMSG 2221:0 @!@!@
  line 48, col 14 to line 48, col 24 of module simpleCounter: 78
@!@!@ENDMSG 2221 @!@!@
@!@!@STARTMSG 2221:0 @!@!@
  line 49, col 21 to line 49, col 49 of module simpleCounter: 4
@!@!@ENDMSG 2221 @!@!@
@!@!@STARTMSG 2221:0 @!@!@
  |line 49, col 27 to line 49, col 49 of module simpleCounter: 5
@!@!@ENDMSG 2221 @!@!@
@!@!@STARTMSG 2221:0 @!@!@
  line 50, col 18 to line 50, col 49 of module simpleCounter: 73
@!@!@ENDMSG 2221 @!@!@
@!@!@STARTMSG 2221:0 @!@!@
  line 51, col 10 to line 51, col 26 of module simpleCounter: 77
@!@!@ENDMSG 2221 @!@!@
@!@!@STARTMSG 2772:0 @!@!@
<L4 line 53, col 1 to line 53, col 2 of module simpleCounter>: 3:36
@!@!@ENDMSG 2772 @!@!@
@!@!@STARTMSG 2221:0 @!@!@
  line 53, col 10 to line 53, col 21 of module simpleCounter: 297
@!@!@ENDMSG 2221 @!@!@
@!@!@STARTMSG 2221:0 @!@!@
  |line 53, col 10 to line 53, col 14 of module simpleCounter: 261
@!@!@ENDMSG 2221 @!@!@
@!@!@STARTMSG 2221:0 @!@!@
  line 54, col 10 to line 54, col 13 of module simpleCounter: 36
@!@!@ENDMSG 2221 @!@!@
@!@!@STARTMSG 2221:0 @!@!@
  line 55, col 10 to line 55, col 38 of module simpleCounter: 36
@!@!@ENDMSG 2221 @!@!@
@!@!@STARTMSG 2221:0 @!@!@
  line 56, col 10 to line 56, col 26 of module simpleCounter: 36
@!@!@ENDMSG 2221 @!@!@
@!@!@STARTMSG 2772:0 @!@!@
<R1 line 60, col 1 to line 60, col 2 of module simpleCounter>: 19:87
@!@!@ENDMSG 2772 @!@!@
@!@!@STARTMSG 2221:0 @!@!@
  line 60, col 10 to line 60, col 21 of module simpleCounter: 348
@!@!@ENDMSG 2221 @!@!@
@!@!@STARTMSG 2221:0 @!@!@
  |line 60, col 10 to line 60, col 14 of module simpleCounter: 261
@!@!@ENDMSG 2221 @!@!@
@!@!@STARTMSG 2221:0 @!@!@
  line 61, col 10 to line 61, col 38 of module simpleCounter: 87
@!@!@ENDMSG 2221 @!@!@
@!@!@STARTMSG 2221:0 @!@!@
  line 62, col 10 to line 62, col 26 of module simpleCounter: 87
@!@!@ENDMSG 2221 @!@!@
@!@!@STARTMSG 2772:0 @!@!@
<R2 line 64, col 1 to line 64, col 2 of module simpleCounter>: 19:85
@!@!@ENDMSG 2772 @!@!@
@!@!@STARTMSG 2221:0 @!@!@
  line 64, col 10 to line 64, col 21 of module simpleCounter: 345
@!@!@ENDMSG 2221 @!@!@
@!@!@STARTMSG 2221:0 @!@!@
  |line 64, col 10 to line 64, col 14 of module simpleCounter: 260
@!@!@ENDMSG 2221 @!@!@
@!@!@STARTMSG 2221:0 @!@!@
  line 65, col 10 to line 65, col 31 of module simpleCounter: 85
@!@!@ENDMSG 2221 @!@!@
@!@!@STARTMSG 2221:0 @!@!@
  line 66, col 10 to line 66, col 38 of module simpleCounter: 85
@!@!@ENDMSG 2221 @!@!@
@!@!@STARTMSG 2772:0 @!@!@
<R3 line 68, col 1 to line 68, col 2 of module simpleCounter>: 15:83
@!@!@ENDMSG 2772 @!@!@
@!@!@STARTMSG 2221:0 @!@!@
  line 68, col 10 to line 68, col 21 of module simpleCounter: 342
@!@!@ENDMSG 2221 @!@!@
@!@!@STARTMSG 2221:0 @!@!@
  |line 68, col 10 to line 68, col 14 of module simpleCounter: 259
@!@!@ENDMSG 2221 @!@!@
@!@!@STARTMSG 2221:0 @!@!@
  line 69, col 14 to line 69, col 24 of module simpleCounter: 83
@!@!@ENDMSG 2221 @!@!@
@!@!@STARTMSG 2221:0 @!@!@
  line 70, col 18 to line 70, col 49 of module simpleCounter: 4
@!@!@ENDMSG 2221 @!@!@
@!@!@STARTMSG 2221:0 @!@!@
  line 71, col 18 to line 71, col 49 of module simpleCounter: 79
@!@!@ENDMSG 2221 @!@!@
@!@!@STARTMSG 2221:0 @!@!@
  line 72, col 10 to line 72, col 26 of module simpleCounter: 83
@!@!@ENDMSG 2221 @!@!@
@!@!@STARTMSG 2772:0 @!@!@
<R4 line 74, col 1 to line 74, col 2 of module simpleCounter>: 1:6
@!@!@ENDMSG 2772 @!@!@
@!@!@STARTMSG 2221:0 @!@!@
  line 74, col 10 to line 74, col 21 of module simpleCounter: 264
@!@!@ENDMSG 2221 @!@!@
@!@!@STARTMSG 2221:0 @!@!@
  |line 74, col 10 to line 74, col 14 of module simpleCounter: 258
@!@!@ENDMSG 2221 @!@!@
@!@!@STARTMSG 2221:0 @!@!@
  line 75, col 10 to line 75, col 13 of module simpleCounter: 6
@!@!@ENDMSG 2221 @!@!@
@!@!@STARTMSG 2221:0 @!@!@
  line 76, col 10 to line 76, col 38 of module simpleCounter: 6
@!@!@ENDMSG 2221 @!@!@
@!@!@STARTMSG 2221:0 @!@!@
  line 77, col 10 to line 77, col 26 of module simpleCounter: 6
@!@!@ENDMSG 2221 @!@!@
@!@!@STARTMSG 2772:0 @!@!@
<Terminating line 82, col 1 to line 82, col 11 of module simpleCounter>: 0:0
@!@!@ENDMSG 2772 @!@!@
@!@!@STARTMSG 2221:0 @!@!@
  line 82, col 19 to line 82, col 56 of module simpleCounter: 258
@!@!@ENDMSG 2221 @!@!@
@!@!@STARTMSG 2221:0 @!@!@
  line 83, col 19 to line 83, col 32 of module simpleCounter: 0
@!@!@ENDMSG 2221 @!@!@
@!@!@STARTMSG 2774:0 @!@!@
<DeadlockCondition line 94, col 1 to line 94, col 17 of module simpleCounter>
@!@!@ENDMSG 2774 @!@!@
@!@!@STARTMSG 2221:0 @!@!@
  line 94, col 22 to line 94, col 50 of module simpleCounter: 266
@!@!@ENDMSG 2221 @!@!@
@!@!@STARTMSG 2202:0 @!@!@
End of statistics.
@!@!@ENDMSG 2202 @!@!@
@!@!@STARTMSG 2200:0 @!@!@
Progress(76) at 2021-01-08 04:06:01: 518 states generated (20 817 s/min), 266 distinct states found (10 689 ds/min), 6 states left on queue.
@!@!@ENDMSG 2200 @!@!@
@!@!@STARTMSG 2199:0 @!@!@
518 states generated, 266 distinct states found, 6 states left on queue.
@!@!@ENDMSG 2199 @!@!@
@!@!@STARTMSG 2194:0 @!@!@
The depth of the complete state graph search is 76.
@!@!@ENDMSG 2194 @!@!@
@!@!@STARTMSG 2268:0 @!@!@
The average outdegree of the complete state graph is 1 (minimum is 0, the maximum 2 and the 95th percentile is 2).
@!@!@ENDMSG 2268 @!@!@
@!@!@STARTMSG 2186:0 @!@!@
Finished in 1500ms at (2021-01-08 04:06:01)
@!@!@ENDMSG 2186 @!@!@
