@!@!@STARTMSG 2262:0 @!@!@
TLC2 Version 2.16 of 31 December 2020 (rev: cdddf55)
@!@!@ENDMSG 2262 @!@!@
@!@!@STARTMSG 2187:0 @!@!@
Running breadth-first search Model-Checking with fp 26 and seed -9219303100711960336 with 8 workers on 16 cores with 4857MB heap and 10921MB offheap memory [pid: 15769] (Mac OS X 10.15.7 x86_64, AdoptOpenJDK 14.0.1 x86_64, OffHeapDiskFPSet, DiskStateQueue).
@!@!@ENDMSG 2187 @!@!@
@!@!@STARTMSG 2220:0 @!@!@
Starting SANY...
@!@!@ENDMSG 2220 @!@!@
Parsing file /Users/eugenegoldyrev/.tlaplus/Counters/confusedCounter.toolbox/Model_1_ConfusedCounter/MC.tla
Parsing file /Users/eugenegoldyrev/.tlaplus/Counters/confusedCounter.toolbox/Model_1_ConfusedCounter/confusedCounter.tla
Warning: symbols were renamed.
Parsing file /private/var/folders/zg/w6695s5n28lfzfdcc32pmvqh0000gn/T/AppTranslocation/6DAF8C7C-3CED-401D-9A34-4ED045E498CF/d/TLA+ Toolbox.app/Contents/Eclipse/plugins/org.lamport.tlatools_1.0.0.202012311918/tla2sany/StandardModules/TLC.tla
Parsing file /private/var/folders/zg/w6695s5n28lfzfdcc32pmvqh0000gn/T/AppTranslocation/6DAF8C7C-3CED-401D-9A34-4ED045E498CF/d/TLA+ Toolbox.app/Contents/Eclipse/plugins/org.lamport.tlatools_1.0.0.202012311918/tla2sany/StandardModules/Naturals.tla
Parsing file /private/var/folders/zg/w6695s5n28lfzfdcc32pmvqh0000gn/T/AppTranslocation/6DAF8C7C-3CED-401D-9A34-4ED045E498CF/d/TLA+ Toolbox.app/Contents/Eclipse/plugins/org.lamport.tlatools_1.0.0.202012311918/tla2sany/StandardModules/Sequences.tla
Parsing file /private/var/folders/zg/w6695s5n28lfzfdcc32pmvqh0000gn/T/AppTranslocation/6DAF8C7C-3CED-401D-9A34-4ED045E498CF/d/TLA+ Toolbox.app/Contents/Eclipse/plugins/org.lamport.tlatools_1.0.0.202012311918/tla2sany/StandardModules/FiniteSets.tla
Semantic processing of module Naturals
Semantic processing of module confusedCounter
Semantic processing of module Sequences
Semantic processing of module FiniteSets
Semantic processing of module TLC
Semantic processing of module MC
@!@!@STARTMSG 2219:0 @!@!@
SANY finished.
@!@!@ENDMSG 2219 @!@!@
@!@!@STARTMSG 2185:0 @!@!@
Starting... (2021-01-08 04:12:19)
@!@!@ENDMSG 2185 @!@!@
@!@!@STARTMSG 2189:0 @!@!@
Computing initial states...
@!@!@ENDMSG 2189 @!@!@
@!@!@STARTMSG 2190:0 @!@!@
Finished computing initial states: 1 distinct state generated at 2021-01-08 04:12:20.
@!@!@ENDMSG 2190 @!@!@
@!@!@STARTMSG 2110:1 @!@!@
Invariant DeadlockCondition is violated.
@!@!@ENDMSG 2110 @!@!@
@!@!@STARTMSG 2121:1 @!@!@
The behavior up to this point is:
@!@!@ENDMSG 2121 @!@!@
@!@!@STARTMSG 2217:4 @!@!@
1: <Initial predicate>
/\ temp_ = 0
/\ first = 0
/\ second = 0
/\ temp = 0
/\ pc = (0 :> "L1" @@ 1 :> "R1a")

@!@!@ENDMSG 2217 @!@!@
@!@!@STARTMSG 2217:4 @!@!@
2: <L1 line 48, col 7 to line 51, col 51 of module confusedCounter>
/\ temp_ = 0
/\ first = 0
/\ second = 0
/\ temp = 0
/\ pc = (0 :> "L2a" @@ 1 :> "R1a")

@!@!@ENDMSG 2217 @!@!@
@!@!@STARTMSG 2217:4 @!@!@
3: <R1a line 86, col 8 to line 89, col 46 of module confusedCounter>
/\ temp_ = 0
/\ first = 0
/\ second = 0
/\ temp = 1
/\ pc = (0 :> "L2a" @@ 1 :> "R1b")

@!@!@ENDMSG 2217 @!@!@
@!@!@STARTMSG 2217:4 @!@!@
4: <L2a line 53, col 8 to line 56, col 45 of module confusedCounter>
/\ temp_ = 1
/\ first = 0
/\ second = 0
/\ temp = 1
/\ pc = (0 :> "L2b" @@ 1 :> "R1b")

@!@!@ENDMSG 2217 @!@!@
@!@!@STARTMSG 2217:4 @!@!@
5: <R1b line 91, col 8 to line 94, col 45 of module confusedCounter>
/\ temp_ = 1
/\ first = 1
/\ second = 0
/\ temp = 1
/\ pc = (0 :> "L2b" @@ 1 :> "R2a")

@!@!@ENDMSG 2217 @!@!@
@!@!@STARTMSG 2217:4 @!@!@
6: <L2b line 58, col 8 to line 61, col 45 of module confusedCounter>
/\ temp_ = 1
/\ first = 1
/\ second = 0
/\ temp = 1
/\ pc = (0 :> "L3a" @@ 1 :> "R2a")

@!@!@ENDMSG 2217 @!@!@
@!@!@STARTMSG 2217:4 @!@!@
7: <L3a line 63, col 8 to line 66, col 45 of module confusedCounter>
/\ temp_ = 1
/\ first = 1
/\ second = 0
/\ temp = 1
/\ pc = (0 :> "L3b" @@ 1 :> "R2a")

@!@!@ENDMSG 2217 @!@!@
@!@!@STARTMSG 2217:4 @!@!@
8: <L3b line 68, col 8 to line 71, col 44 of module confusedCounter>
/\ temp_ = 1
/\ first = 1
/\ second = 1
/\ temp = 1
/\ pc = (0 :> "L4" @@ 1 :> "R2a")

@!@!@ENDMSG 2217 @!@!@
@!@!@STARTMSG 2217:4 @!@!@
9: <R2a line 96, col 8 to line 99, col 46 of module confusedCounter>
/\ temp_ = 1
/\ first = 1
/\ second = 1
/\ temp = 2
/\ pc = (0 :> "L4" @@ 1 :> "R2b")

@!@!@ENDMSG 2217 @!@!@
@!@!@STARTMSG 2217:4 @!@!@
10: <R2b line 101, col 8 to line 104, col 44 of module confusedCounter>
/\ temp_ = 1
/\ first = 1
/\ second = 2
/\ temp = 2
/\ pc = (0 :> "L4" @@ 1 :> "Done")

@!@!@ENDMSG 2217 @!@!@
@!@!@STARTMSG 2217:4 @!@!@
11: <L4 line 73, col 7 to line 77, col 51 of module confusedCounter>
/\ temp_ = 1
/\ first = 1
/\ second = 2
/\ temp = 2
/\ pc = (0 :> "L5" @@ 1 :> "Done")

@!@!@ENDMSG 2217 @!@!@
@!@!@STARTMSG 2201:0 @!@!@
The coverage statistics at 2021-01-08 04:12:20
@!@!@ENDMSG 2201 @!@!@
@!@!@STARTMSG 2773:0 @!@!@
<Init line 38, col 1 to line 38, col 4 of module confusedCounter>: 2:2
@!@!@ENDMSG 2773 @!@!@
@!@!@STARTMSG 2221:0 @!@!@
  line 39, col 9 to line 46, col 61 of module confusedCounter: 2
@!@!@ENDMSG 2221 @!@!@
@!@!@STARTMSG 2772:0 @!@!@
<L1 line 48, col 1 to line 48, col 2 of module confusedCounter>: 3:6
@!@!@ENDMSG 2772 @!@!@
@!@!@STARTMSG 2221:0 @!@!@
  line 48, col 10 to line 48, col 21 of module confusedCounter: 89
@!@!@ENDMSG 2221 @!@!@
@!@!@STARTMSG 2221:0 @!@!@
  |line 48, col 10 to line 48, col 14 of module confusedCounter: 83
@!@!@ENDMSG 2221 @!@!@
@!@!@STARTMSG 2221:0 @!@!@
  line 49, col 10 to line 49, col 13 of module confusedCounter: 6
@!@!@ENDMSG 2221 @!@!@
@!@!@STARTMSG 2221:0 @!@!@
  line 50, col 10 to line 50, col 39 of module confusedCounter: 6
@!@!@ENDMSG 2221 @!@!@
@!@!@STARTMSG 2221:0 @!@!@
  line 51, col 10 to line 51, col 51 of module confusedCounter: 6
@!@!@ENDMSG 2221 @!@!@
@!@!@STARTMSG 2772:0 @!@!@
<L2a line 53, col 1 to line 53, col 3 of module confusedCounter>: 3:7
@!@!@ENDMSG 2772 @!@!@
@!@!@STARTMSG 2221:0 @!@!@
  line 53, col 11 to line 53, col 23 of module confusedCounter: 89
@!@!@ENDMSG 2221 @!@!@
@!@!@STARTMSG 2221:0 @!@!@
  |line 53, col 11 to line 53, col 15 of module confusedCounter: 82
@!@!@ENDMSG 2221 @!@!@
@!@!@STARTMSG 2221:0 @!@!@
  line 54, col 11 to line 54, col 28 of module confusedCounter: 7
@!@!@ENDMSG 2221 @!@!@
@!@!@STARTMSG 2221:0 @!@!@
  line 55, col 11 to line 55, col 40 of module confusedCounter: 7
@!@!@ENDMSG 2221 @!@!@
@!@!@STARTMSG 2221:0 @!@!@
  line 56, col 11 to line 56, col 45 of module confusedCounter: 7
@!@!@ENDMSG 2221 @!@!@
@!@!@STARTMSG 2772:0 @!@!@
<L2b line 58, col 1 to line 58, col 3 of module confusedCounter>: 4:10
@!@!@ENDMSG 2772 @!@!@
@!@!@STARTMSG 2221:0 @!@!@
  line 58, col 11 to line 58, col 23 of module confusedCounter: 91
@!@!@ENDMSG 2221 @!@!@
@!@!@STARTMSG 2221:0 @!@!@
  |line 58, col 11 to line 58, col 15 of module confusedCounter: 81
@!@!@ENDMSG 2221 @!@!@
@!@!@STARTMSG 2221:0 @!@!@
  line 59, col 11 to line 59, col 24 of module confusedCounter: 10
@!@!@ENDMSG 2221 @!@!@
@!@!@STARTMSG 2221:0 @!@!@
  line 60, col 11 to line 60, col 40 of module confusedCounter: 10
@!@!@ENDMSG 2221 @!@!@
@!@!@STARTMSG 2221:0 @!@!@
  line 61, col 11 to line 61, col 45 of module confusedCounter: 10
@!@!@ENDMSG 2221 @!@!@
@!@!@STARTMSG 2772:0 @!@!@
<L3a line 63, col 1 to line 63, col 3 of module confusedCounter>: 6:13
@!@!@ENDMSG 2772 @!@!@
@!@!@STARTMSG 2221:0 @!@!@
  line 63, col 11 to line 63, col 23 of module confusedCounter: 93
@!@!@ENDMSG 2221 @!@!@
@!@!@STARTMSG 2221:0 @!@!@
  |line 63, col 11 to line 63, col 15 of module confusedCounter: 80
@!@!@ENDMSG 2221 @!@!@
@!@!@STARTMSG 2221:0 @!@!@
  line 64, col 11 to line 64, col 29 of module confusedCounter: 13
@!@!@ENDMSG 2221 @!@!@
@!@!@STARTMSG 2221:0 @!@!@
  line 65, col 11 to line 65, col 40 of module confusedCounter: 13
@!@!@ENDMSG 2221 @!@!@
@!@!@STARTMSG 2221:0 @!@!@
  line 66, col 11 to line 66, col 45 of module confusedCounter: 13
@!@!@ENDMSG 2221 @!@!@
@!@!@STARTMSG 2772:0 @!@!@
<L3b line 68, col 1 to line 68, col 3 of module confusedCounter>: 11:13
@!@!@ENDMSG 2772 @!@!@
@!@!@STARTMSG 2221:0 @!@!@
  line 68, col 11 to line 68, col 23 of module confusedCounter: 92
@!@!@ENDMSG 2221 @!@!@
@!@!@STARTMSG 2221:0 @!@!@
  |line 68, col 11 to line 68, col 15 of module confusedCounter: 79
@!@!@ENDMSG 2221 @!@!@
@!@!@STARTMSG 2221:0 @!@!@
  line 69, col 11 to line 69, col 25 of module confusedCounter: 13
@!@!@ENDMSG 2221 @!@!@
@!@!@STARTMSG 2221:0 @!@!@
  line 70, col 11 to line 70, col 39 of module confusedCounter: 13
@!@!@ENDMSG 2221 @!@!@
@!@!@STARTMSG 2221:0 @!@!@
  line 71, col 11 to line 71, col 44 of module confusedCounter: 13
@!@!@ENDMSG 2221 @!@!@
@!@!@STARTMSG 2772:0 @!@!@
<L4 line 73, col 1 to line 73, col 2 of module confusedCounter>: 11:19
@!@!@ENDMSG 2772 @!@!@
@!@!@STARTMSG 2221:0 @!@!@
  line 73, col 10 to line 73, col 21 of module confusedCounter: 95
@!@!@ENDMSG 2221 @!@!@
@!@!@STARTMSG 2221:0 @!@!@
  |line 73, col 10 to line 73, col 14 of module confusedCounter: 78
@!@!@ENDMSG 2221 @!@!@
@!@!@STARTMSG 2221:0 @!@!@
  line 74, col 14 to line 74, col 37 of module confusedCounter: 19
@!@!@ENDMSG 2221 @!@!@
@!@!@STARTMSG 2221:0 @!@!@
  |line 74, col 14 to line 74, col 23 of module confusedCounter: 19
@!@!@ENDMSG 2221 @!@!@
@!@!@STARTMSG 2221:0 @!@!@
  |line 74, col 28 to line 74, col 37 of module confusedCounter: 5
@!@!@ENDMSG 2221 @!@!@
@!@!@STARTMSG 2221:0 @!@!@
  line 75, col 21 to line 75, col 49 of module confusedCounter: 1
@!@!@ENDMSG 2221 @!@!@
@!@!@STARTMSG 2221:0 @!@!@
  |line 75, col 27 to line 75, col 49 of module confusedCounter: 3
@!@!@ENDMSG 2221 @!@!@
@!@!@STARTMSG 2221:0 @!@!@
  line 76, col 18 to line 76, col 51 of module confusedCounter: 16
@!@!@ENDMSG 2221 @!@!@
@!@!@STARTMSG 2221:0 @!@!@
  line 77, col 10 to line 77, col 51 of module confusedCounter: 17
@!@!@ENDMSG 2221 @!@!@
@!@!@STARTMSG 2772:0 @!@!@
<L5 line 79, col 1 to line 79, col 2 of module confusedCounter>: 0:0
@!@!@ENDMSG 2772 @!@!@
@!@!@STARTMSG 2221:0 @!@!@
  line 79, col 10 to line 79, col 21 of module confusedCounter: 75
@!@!@ENDMSG 2221 @!@!@
@!@!@STARTMSG 2221:0 @!@!@
  line 81, col 10 to line 81, col 40 of module confusedCounter: 0
@!@!@ENDMSG 2221 @!@!@
@!@!@STARTMSG 2221:0 @!@!@
  line 82, col 10 to line 82, col 51 of module confusedCounter: 0
@!@!@ENDMSG 2221 @!@!@
@!@!@STARTMSG 2772:0 @!@!@
<R1a line 86, col 1 to line 86, col 3 of module confusedCounter>: 5:8
@!@!@ENDMSG 2772 @!@!@
@!@!@STARTMSG 2221:0 @!@!@
  line 86, col 11 to line 86, col 23 of module confusedCounter: 83
@!@!@ENDMSG 2221 @!@!@
@!@!@STARTMSG 2221:0 @!@!@
  |line 86, col 11 to line 86, col 15 of module confusedCounter: 75
@!@!@ENDMSG 2221 @!@!@
@!@!@STARTMSG 2221:0 @!@!@
  line 87, col 11 to line 87, col 27 of module confusedCounter: 8
@!@!@ENDMSG 2221 @!@!@
@!@!@STARTMSG 2221:0 @!@!@
  line 88, col 11 to line 88, col 40 of module confusedCounter: 8
@!@!@ENDMSG 2221 @!@!@
@!@!@STARTMSG 2221:0 @!@!@
  line 89, col 11 to line 89, col 46 of module confusedCounter: 8
@!@!@ENDMSG 2221 @!@!@
@!@!@STARTMSG 2772:0 @!@!@
<R1b line 91, col 1 to line 91, col 3 of module confusedCounter>: 7:12
@!@!@ENDMSG 2772 @!@!@
@!@!@STARTMSG 2221:0 @!@!@
  line 91, col 11 to line 91, col 23 of module confusedCounter: 86
@!@!@ENDMSG 2221 @!@!@
@!@!@STARTMSG 2221:0 @!@!@
  |line 91, col 11 to line 91, col 15 of module confusedCounter: 74
@!@!@ENDMSG 2221 @!@!@
@!@!@STARTMSG 2221:0 @!@!@
  line 92, col 11 to line 92, col 23 of module confusedCounter: 12
@!@!@ENDMSG 2221 @!@!@
@!@!@STARTMSG 2221:0 @!@!@
  line 93, col 11 to line 93, col 40 of module confusedCounter: 12
@!@!@ENDMSG 2221 @!@!@
@!@!@STARTMSG 2221:0 @!@!@
  line 94, col 11 to line 94, col 45 of module confusedCounter: 12
@!@!@ENDMSG 2221 @!@!@
@!@!@STARTMSG 2772:0 @!@!@
<R2a line 96, col 1 to line 96, col 3 of module confusedCounter>: 11:17
@!@!@ENDMSG 2772 @!@!@
@!@!@STARTMSG 2221:0 @!@!@
  line 96, col 11 to line 96, col 23 of module confusedCounter: 90
@!@!@ENDMSG 2221 @!@!@
@!@!@STARTMSG 2221:0 @!@!@
  |line 96, col 11 to line 96, col 15 of module confusedCounter: 73
@!@!@ENDMSG 2221 @!@!@
@!@!@STARTMSG 2221:0 @!@!@
  line 97, col 11 to line 97, col 28 of module confusedCounter: 17
@!@!@ENDMSG 2221 @!@!@
@!@!@STARTMSG 2221:0 @!@!@
  line 98, col 11 to line 98, col 40 of module confusedCounter: 17
@!@!@ENDMSG 2221 @!@!@
@!@!@STARTMSG 2221:0 @!@!@
  line 99, col 11 to line 99, col 46 of module confusedCounter: 17
@!@!@ENDMSG 2221 @!@!@
@!@!@STARTMSG 2772:0 @!@!@
<R2b line 101, col 1 to line 101, col 3 of module confusedCounter>: 13:18
@!@!@ENDMSG 2772 @!@!@
@!@!@STARTMSG 2221:0 @!@!@
  line 101, col 11 to line 101, col 23 of module confusedCounter: 90
@!@!@ENDMSG 2221 @!@!@
@!@!@STARTMSG 2221:0 @!@!@
  |line 101, col 11 to line 101, col 15 of module confusedCounter: 72
@!@!@ENDMSG 2221 @!@!@
@!@!@STARTMSG 2221:0 @!@!@
  line 102, col 11 to line 102, col 24 of module confusedCounter: 18
@!@!@ENDMSG 2221 @!@!@
@!@!@STARTMSG 2221:0 @!@!@
  line 103, col 11 to line 103, col 41 of module confusedCounter: 18
@!@!@ENDMSG 2221 @!@!@
@!@!@STARTMSG 2221:0 @!@!@
  line 104, col 11 to line 104, col 44 of module confusedCounter: 18
@!@!@ENDMSG 2221 @!@!@
@!@!@STARTMSG 2772:0 @!@!@
<Terminating line 109, col 1 to line 109, col 11 of module confusedCounter>: 0:5
@!@!@ENDMSG 2772 @!@!@
@!@!@STARTMSG 2221:0 @!@!@
  line 109, col 40 to line 109, col 56 of module confusedCounter: 96
@!@!@ENDMSG 2221 @!@!@
@!@!@STARTMSG 2221:0 @!@!@
  |line 109, col 40 to line 109, col 47 of module confusedCounter: 86
@!@!@ENDMSG 2221 @!@!@
@!@!@STARTMSG 2221:0 @!@!@
  line 109, col 31 to line 109, col 37 of module confusedCounter: 71
@!@!@ENDMSG 2221 @!@!@
@!@!@STARTMSG 2221:0 @!@!@
  line 110, col 19 to line 110, col 32 of module confusedCounter: 5
@!@!@ENDMSG 2221 @!@!@
@!@!@STARTMSG 2774:0 @!@!@
<DeadlockCondition line 120, col 1 to line 120, col 17 of module confusedCounter>
@!@!@ENDMSG 2774 @!@!@
@!@!@STARTMSG 2221:0 @!@!@
  line 120, col 22 to line 120, col 38 of module confusedCounter: 75
@!@!@ENDMSG 2221 @!@!@
@!@!@STARTMSG 2202:0 @!@!@
End of statistics.
@!@!@ENDMSG 2202 @!@!@
@!@!@STARTMSG 2200:0 @!@!@
Progress(11) at 2021-01-08 04:12:20: 115 states generated (4 745 s/min), 75 distinct states found (3 094 ds/min), 0 states left on queue.
@!@!@ENDMSG 2200 @!@!@
@!@!@STARTMSG 2199:0 @!@!@
115 states generated, 75 distinct states found, 0 states left on queue.
@!@!@ENDMSG 2199 @!@!@
@!@!@STARTMSG 2194:0 @!@!@
The depth of the complete state graph search is 11.
@!@!@ENDMSG 2194 @!@!@
@!@!@STARTMSG 2268:0 @!@!@
The average outdegree of the complete state graph is 1 (minimum is 0, the maximum 2 and the 95th percentile is 2).
@!@!@ENDMSG 2268 @!@!@
@!@!@STARTMSG 2186:0 @!@!@
Finished in 1461ms at (2021-01-08 04:12:20)
@!@!@ENDMSG 2186 @!@!@
